# = Caracter
include = Identificador
< = OperadorRelacional
stdio = Identificador
> = OperadorRelacional
{ = InicioBloque
230 = Numero
230e-30 = Numero
230e+30 = Numero
230.30e30 = Numero
230.30e-30 = Numero
230.30e+30 = Numero
"hola mundo" = Cadena
#64 = Caracter
- = OperadorTermino
'@' = Caracter
* = OperadorFactor
/ = OperadorFactor
radio = Identificador
; = FinSentencia
< = OperadorRelacional
<> = OperadorRelacional
> = OperadorRelacional
! = OperadorLogico
!= = OperadorRelacional
== = OperadorRelacional
= = Asignacion
; = FinSentencia
&& = OperadorLogico
& = Caracter
|| = OperadorLogico
| = Caracter
++ = OperadorTermino
+ = OperadorTermino
-- = OperadorTermino
- = OperadorTermino
+= = OperadorTermino
-= = OperadorTermino
* = OperadorFactor
*= = IncrementoFactor
/= = IncrementoFactor
% = OperadorFactor
%= = IncrementoFactor
"" = Cadena
' ' = Caracter
; = FinSentencia
} = FinBloque
